2026-03-19T21:48:08.8980496Z Current runner version: '2.332.0'
2026-03-19T21:48:08.9004466Z ##[group]Runner Image Provisioner
2026-03-19T21:48:08.9005238Z Hosted Compute Agent
2026-03-19T21:48:08.9005703Z Version: 20260213.493
2026-03-19T21:48:08.9006298Z Commit: 5c115507f6dd24b8de37d8bbe0bb4509d0cc0fa3
2026-03-19T21:48:08.9006889Z Build Date: 2026-02-13T00:28:41Z
2026-03-19T21:48:08.9007463Z Worker ID: {ccbd2978-4bbb-46c2-9971-26535ddd81ea}
2026-03-19T21:48:08.9008054Z Azure Region: westus3
2026-03-19T21:48:08.9008569Z ##[endgroup]
2026-03-19T21:48:08.9009832Z ##[group]Operating System
2026-03-19T21:48:08.9010347Z Ubuntu
2026-03-19T21:48:08.9010787Z 24.04.3
2026-03-19T21:48:08.9011183Z LTS
2026-03-19T21:48:08.9011597Z ##[endgroup]
2026-03-19T21:48:08.9012177Z ##[group]Runner Image
2026-03-19T21:48:08.9012674Z Image: ubuntu-24.04
2026-03-19T21:48:08.9013088Z Version: 20260309.50.1
2026-03-19T21:48:08.9014253Z Included Software: https://github.com/actions/runner-images/blob/ubuntu24/20260309.50/images/ubuntu/Ubuntu2404-Readme.md
2026-03-19T21:48:08.9015504Z Image Release: https://github.com/actions/runner-images/releases/tag/ubuntu24%2F20260309.50
2026-03-19T21:48:08.9016301Z ##[endgroup]
2026-03-19T21:48:08.9017198Z ##[group]GITHUB_TOKEN Permissions
2026-03-19T21:48:08.9018942Z Contents: read
2026-03-19T21:48:08.9019405Z Metadata: read
2026-03-19T21:48:08.9019836Z Pages: write
2026-03-19T21:48:08.9020323Z ##[endgroup]
2026-03-19T21:48:08.9022503Z Secret source: Actions
2026-03-19T21:48:08.9023140Z Prepare workflow directory
2026-03-19T21:48:08.9363897Z Prepare all required actions
2026-03-19T21:48:08.9421404Z Getting action download info
2026-03-19T21:48:09.3804357Z Download action repository 'actions/checkout@v4' (SHA:34e114876b0b11c390a56381ad16ebd13914f8d5)
2026-03-19T21:48:09.4921865Z Download action repository 'actions/setup-node@v4' (SHA:49933ea5288caeca8642d1e84afbd3f7d6820020)
2026-03-19T21:48:09.5678051Z Download action repository 'actions/upload-pages-artifact@v3' (SHA:56afc609e74202658d3ffba0e8f6dda462b719fa)
2026-03-19T21:48:10.1294570Z Getting action download info
2026-03-19T21:48:10.2844564Z Download action repository 'actions/upload-artifact@v4' (SHA:ea165f8d65b6e75b540449e92b4886f43607fa02)
2026-03-19T21:48:10.4060405Z Complete job name: build
2026-03-19T21:48:10.4853643Z ##[group]Run actions/checkout@v4
2026-03-19T21:48:10.4854572Z with:
2026-03-19T21:48:10.4855099Z   repository: jcmagsay/juniperpenelopebday
2026-03-19T21:48:10.4856101Z   token: ***
2026-03-19T21:48:10.4856549Z   ssh-strict: true
2026-03-19T21:48:10.4857030Z   ssh-user: git
2026-03-19T21:48:10.4857508Z   persist-credentials: true
2026-03-19T21:48:10.4858069Z   clean: true
2026-03-19T21:48:10.4858558Z   sparse-checkout-cone-mode: true
2026-03-19T21:48:10.4859192Z   fetch-depth: 1
2026-03-19T21:48:10.4859643Z   fetch-tags: false
2026-03-19T21:48:10.4860136Z   show-progress: true
2026-03-19T21:48:10.4860627Z   lfs: false
2026-03-19T21:48:10.4861043Z   submodules: false
2026-03-19T21:48:10.4861532Z   set-safe-directory: true
2026-03-19T21:48:10.4862416Z ##[endgroup]
2026-03-19T21:48:10.5867185Z Syncing repository: jcmagsay/juniperpenelopebday
2026-03-19T21:48:10.5869230Z ##[group]Getting Git version info
2026-03-19T21:48:10.5870432Z Working directory is '/home/runner/work/juniperpenelopebday/juniperpenelopebday'
2026-03-19T21:48:10.5872078Z [command]/usr/bin/git version
2026-03-19T21:48:10.5927493Z git version 2.53.0
2026-03-19T21:48:10.5950248Z ##[endgroup]
2026-03-19T21:48:10.5964162Z Temporarily overriding HOME='/home/runner/work/_temp/cf8d3dc4-6439-4454-bd9a-68662a245910' before making global git config changes
2026-03-19T21:48:10.5966367Z Adding repository directory to the temporary git global config as a safe directory
2026-03-19T21:48:10.5977746Z [command]/usr/bin/git config --global --add safe.directory /home/runner/work/juniperpenelopebday/juniperpenelopebday
2026-03-19T21:48:10.6011963Z Deleting the contents of '/home/runner/work/juniperpenelopebday/juniperpenelopebday'
2026-03-19T21:48:10.6015002Z ##[group]Initializing the repository
2026-03-19T21:48:10.6020625Z [command]/usr/bin/git init /home/runner/work/juniperpenelopebday/juniperpenelopebday
2026-03-19T21:48:10.6121035Z hint: Using 'master' as the name for the initial branch. This default branch name
2026-03-19T21:48:10.6123443Z hint: will change to "main" in Git 3.0. To configure the initial branch name
2026-03-19T21:48:10.6125754Z hint: to use in all of your new repositories, which will suppress this warning,
2026-03-19T21:48:10.6127465Z hint: call:
2026-03-19T21:48:10.6128143Z hint:
2026-03-19T21:48:10.6129412Z hint: 	git config --global init.defaultBranch <name>
2026-03-19T21:48:10.6130770Z hint:
2026-03-19T21:48:10.6132179Z hint: Names commonly chosen instead of 'master' are 'main', 'trunk' and
2026-03-19T21:48:10.6134409Z hint: 'development'. The just-created branch can be renamed via this command:
2026-03-19T21:48:10.6136098Z hint:
2026-03-19T21:48:10.6136873Z hint: 	git branch -m <name>
2026-03-19T21:48:10.6137822Z hint:
2026-03-19T21:48:10.6139087Z hint: Disable this message with "git config set advice.defaultBranchName false"
2026-03-19T21:48:10.6142293Z Initialized empty Git repository in /home/runner/work/juniperpenelopebday/juniperpenelopebday/.git/
2026-03-19T21:48:10.6145053Z [command]/usr/bin/git remote add origin https://github.com/jcmagsay/juniperpenelopebday
2026-03-19T21:48:10.6164986Z ##[endgroup]
2026-03-19T21:48:10.6166533Z ##[group]Disabling automatic garbage collection
2026-03-19T21:48:10.6169930Z [command]/usr/bin/git config --local gc.auto 0
2026-03-19T21:48:10.6193797Z ##[endgroup]
2026-03-19T21:48:10.6195061Z ##[group]Setting up auth
2026-03-19T21:48:10.6201449Z [command]/usr/bin/git config --local --name-only --get-regexp core\.sshCommand
2026-03-19T21:48:10.6228886Z [command]/usr/bin/git submodule foreach --recursive sh -c "git config --local --name-only --get-regexp 'core\.sshCommand' && git config --local --unset-all 'core.sshCommand' || :"
2026-03-19T21:48:10.6501083Z [command]/usr/bin/git config --local --name-only --get-regexp http\.https\:\/\/github\.com\/\.extraheader
2026-03-19T21:48:10.6526601Z [command]/usr/bin/git submodule foreach --recursive sh -c "git config --local --name-only --get-regexp 'http\.https\:\/\/github\.com\/\.extraheader' && git config --local --unset-all 'http.https://github.com/.extraheader' || :"
2026-03-19T21:48:10.6699568Z [command]/usr/bin/git config --local --name-only --get-regexp ^includeIf\.gitdir:
2026-03-19T21:48:10.6733681Z [command]/usr/bin/git submodule foreach --recursive git config --local --show-origin --name-only --get-regexp remote.origin.url
2026-03-19T21:48:10.6909639Z [command]/usr/bin/git config --local http.https://github.com/.extraheader AUTHORIZATION: basic ***
2026-03-19T21:48:10.6938227Z ##[endgroup]
2026-03-19T21:48:10.6939170Z ##[group]Fetching the repository
2026-03-19T21:48:10.6946570Z [command]/usr/bin/git -c protocol.version=2 fetch --no-tags --prune --no-recurse-submodules --depth=1 origin +e8322fa552d732d178265f3939bb4427a4fe41b3:refs/remotes/origin/main
2026-03-19T21:48:13.0256544Z From https://github.com/jcmagsay/juniperpenelopebday
2026-03-19T21:48:13.0259490Z  * [new ref]           e8322fa552d732d178265f3939bb4427a4fe41b3 -> origin/main
2026-03-19T21:48:13.0285191Z ##[endgroup]
2026-03-19T21:48:13.0286942Z ##[group]Determining the checkout info
2026-03-19T21:48:13.0288943Z ##[endgroup]
2026-03-19T21:48:13.0292972Z [command]/usr/bin/git sparse-checkout disable
2026-03-19T21:48:13.0326747Z [command]/usr/bin/git config --local --unset-all extensions.worktreeConfig
2026-03-19T21:48:13.0349317Z ##[group]Checking out the ref
2026-03-19T21:48:13.0353455Z [command]/usr/bin/git checkout --progress --force -B main refs/remotes/origin/main
2026-03-19T21:48:14.0736640Z Updating files:  72% (39688/55038)
2026-03-19T21:48:14.0844934Z Updating files:  73% (40178/55038)
2026-03-19T21:48:14.0952215Z Updating files:  74% (40729/55038)
2026-03-19T21:48:14.1061391Z Updating files:  75% (41279/55038)
2026-03-19T21:48:14.1166685Z Updating files:  76% (41829/55038)
2026-03-19T21:48:14.1274915Z Updating files:  77% (42380/55038)
2026-03-19T21:48:14.1380985Z Updating files:  78% (42930/55038)
2026-03-19T21:48:14.1486416Z Updating files:  79% (43481/55038)
2026-03-19T21:48:14.1594654Z Updating files:  80% (44031/55038)
2026-03-19T21:48:14.1816216Z Updating files:  81% (44581/55038)
2026-03-19T21:48:14.1966586Z Updating files:  82% (45132/55038)
2026-03-19T21:48:14.2107091Z Updating files:  83% (45682/55038)
2026-03-19T21:48:14.2248012Z Updating files:  84% (46232/55038)
2026-03-19T21:48:14.2391200Z Updating files:  85% (46783/55038)
2026-03-19T21:48:14.2524004Z Updating files:  86% (47333/55038)
2026-03-19T21:48:14.2683096Z Updating files:  87% (47884/55038)
2026-03-19T21:48:14.2955415Z Updating files:  88% (48434/55038)
2026-03-19T21:48:14.3150117Z Updating files:  89% (48984/55038)
2026-03-19T21:48:14.3353792Z Updating files:  90% (49535/55038)
2026-03-19T21:48:14.4104001Z Updating files:  91% (50085/55038)
2026-03-19T21:48:14.4248998Z Updating files:  92% (50635/55038)
2026-03-19T21:48:14.4383393Z Updating files:  93% (51186/55038)
2026-03-19T21:48:14.4520418Z Updating files:  94% (51736/55038)
2026-03-19T21:48:14.4656182Z Updating files:  95% (52287/55038)
2026-03-19T21:48:14.4832862Z Updating files:  96% (52837/55038)
2026-03-19T21:48:14.4962589Z Updating files:  97% (53387/55038)
2026-03-19T21:48:14.5672916Z Updating files:  98% (53938/55038)
2026-03-19T21:48:14.7434908Z Updating files:  99% (54488/55038)
2026-03-19T21:48:14.7435322Z Updating files: 100% (55038/55038)
2026-03-19T21:48:14.7435553Z Updating files: 100% (55038/55038), done.
2026-03-19T21:48:14.7903772Z Switched to a new branch 'main'
2026-03-19T21:48:14.7904294Z branch 'main' set up to track 'origin/main'.
2026-03-19T21:48:14.7929752Z ##[endgroup]
2026-03-19T21:48:14.7965603Z [command]/usr/bin/git log -1 --format=%H
2026-03-19T21:48:14.7984444Z e8322fa552d732d178265f3939bb4427a4fe41b3
2026-03-19T21:48:14.8198604Z ##[group]Run actions/setup-node@v4
2026-03-19T21:48:14.8198842Z with:
2026-03-19T21:48:14.8199051Z   node-version: 20
2026-03-19T21:48:14.8199223Z   cache: npm
2026-03-19T21:48:14.8199403Z   always-auth: false
2026-03-19T21:48:14.8199583Z   check-latest: false
2026-03-19T21:48:14.8199916Z   token: ***
2026-03-19T21:48:14.8200067Z ##[endgroup]
2026-03-19T21:48:14.9819835Z Found in cache @ /opt/hostedtoolcache/node/20.20.1/x64
2026-03-19T21:48:14.9825655Z ##[group]Environment details
2026-03-19T21:48:15.2814962Z node: v20.20.1
2026-03-19T21:48:15.2815323Z npm: 10.8.2
2026-03-19T21:48:15.2815595Z yarn: 1.22.22
2026-03-19T21:48:15.2816281Z ##[endgroup]
2026-03-19T21:48:15.2837850Z [command]/opt/hostedtoolcache/node/20.20.1/x64/bin/npm config get cache
2026-03-19T21:48:15.3942555Z /home/runner/.npm
2026-03-19T21:48:15.6630702Z Cache hit for: node-cache-Linux-x64-npm-1e8ada560b7bf4a415ec0cd26f410a045a7928d0b406868d71a3df1aecc3545f
2026-03-19T21:48:16.8449501Z Received 24314260 of 24314260 (100.0%), 24.5 MBs/sec
2026-03-19T21:48:16.8449867Z Cache Size: ~23 MB (24314260 B)
2026-03-19T21:48:16.8474640Z [command]/usr/bin/tar -xf /home/runner/work/_temp/b250bb91-99a1-415b-ae4a-b0bb0adc6eb8/cache.tzst -P -C /home/runner/work/juniperpenelopebday/juniperpenelopebday --use-compress-program unzstd
2026-03-19T21:48:16.8947941Z Cache restored successfully
2026-03-19T21:48:16.9032984Z Cache restored from key: node-cache-Linux-x64-npm-1e8ada560b7bf4a415ec0cd26f410a045a7928d0b406868d71a3df1aecc3545f
2026-03-19T21:48:16.9201276Z ##[group]Run npm ci
2026-03-19T21:48:16.9201563Z [36;1mnpm ci[0m
2026-03-19T21:48:16.9241038Z shell: /usr/bin/bash -e {0}
2026-03-19T21:48:16.9241297Z ##[endgroup]
2026-03-19T21:48:23.7101923Z
2026-03-19T21:48:23.7108435Z added 181 packages, and audited 182 packages in 7s
2026-03-19T21:48:23.7108729Z
2026-03-19T21:48:23.7108900Z 33 packages are looking for funding
2026-03-19T21:48:23.7109216Z   run `npm fund` for details
2026-03-19T21:48:23.7111549Z
2026-03-19T21:48:23.7112008Z found 0 vulnerabilities
2026-03-19T21:48:23.7400097Z ##[group]Run npm run deploy:env
2026-03-19T21:48:23.7400439Z [36;1mnpm run deploy:env[0m
2026-03-19T21:48:23.7433484Z shell: /usr/bin/bash -e {0}
2026-03-19T21:48:23.7433853Z env:
2026-03-19T21:48:23.7434034Z   VITE_EVENT_ADDRESS:
2026-03-19T21:48:23.7434242Z   VITE_EVENT_CONTACT_EMAIL:
2026-03-19T21:48:23.7434459Z   VITE_EVENT_CONTACT_PHONE:
2026-03-19T21:48:23.7434655Z ##[endgroup]
2026-03-19T21:48:23.8408099Z
2026-03-19T21:48:23.8408576Z > birthday-invite-site@1.0.0 deploy:env
2026-03-19T21:48:23.8409199Z > node scripts/print-deploy-env.mjs
2026-03-19T21:48:23.8409514Z
2026-03-19T21:48:23.8672852Z Deploy env diagnostics (masked):
2026-03-19T21:48:23.8677132Z VITE_EVENT_ADDRESS: missing | (not set)
2026-03-19T21:48:23.8677785Z VITE_EVENT_CONTACT_EMAIL: missing | (not set)
2026-03-19T21:48:23.8678394Z VITE_EVENT_CONTACT_PHONE: missing | (not set)
2026-03-19T21:48:23.8770031Z ##[group]Run npm run build:pages
2026-03-19T21:48:23.8770314Z [36;1mnpm run build:pages[0m
2026-03-19T21:48:23.8797420Z shell: /usr/bin/bash -e {0}
2026-03-19T21:48:23.8797659Z env:
2026-03-19T21:48:23.8797840Z   VITE_EVENT_ADDRESS:
2026-03-19T21:48:23.8798044Z   VITE_EVENT_CONTACT_EMAIL:
2026-03-19T21:48:23.8798265Z   VITE_EVENT_CONTACT_PHONE:
2026-03-19T21:48:23.8798469Z ##[endgroup]
2026-03-19T21:48:23.9836642Z
2026-03-19T21:48:23.9838290Z > birthday-invite-site@1.0.0 build:pages
2026-03-19T21:48:23.9838804Z > npm run build && npm run pages:prepare
2026-03-19T21:48:23.9838994Z
2026-03-19T21:48:24.0811136Z
2026-03-19T21:48:24.0811938Z > birthday-invite-site@1.0.0 build
2026-03-19T21:48:24.0812417Z > tsc -b && vite build
2026-03-19T21:48:24.0812635Z
2026-03-19T21:48:27.6387666Z [36mvite v6.4.1 [32mbuilding for production...[36m[39m
2026-03-19T21:48:27.7016347Z transforming...
2026-03-19T21:48:31.5000070Z [32m✓[39m 2535 modules transformed.
2026-03-19T21:48:31.8843063Z rendering chunks...
2026-03-19T21:48:31.9736162Z computing gzip size...
2026-03-19T21:48:31.9830458Z [2mdist/[22m[32mindex.html                          [39m[1m[2m  1.09 kB[22m[1m[22m[2m │ gzip:  0.50 kB[22m
2026-03-19T21:48:31.9831898Z [2mdist/[22m[2massets/[22m[36mCountdownPage-C8jTTlYr.js    [39m[1m[2m  0.53 kB[22m[1m[22m[2m │ gzip:  0.36 kB[22m
2026-03-19T21:48:31.9834640Z [2mdist/[22m[2massets/[22m[36mEasterEggsPage-_JMTABR8.js   [39m[1m[2m  0.82 kB[22m[1m[22m[2m │ gzip:  0.45 kB[22m
2026-03-19T21:48:31.9836218Z [2mdist/[22m[2massets/[22m[36mPastEventsPage-CF_hMoUA.js   [39m[1m[2m  1.83 kB[22m[1m[22m[2m │ gzip:  0.61 kB[22m
2026-03-19T21:48:31.9837610Z [2mdist/[22m[2massets/[22m[36mHomePage-CZzlxStG.js         [39m[1m[2m  1.93 kB[22m[1m[22m[2m │ gzip:  0.88 kB[22m
2026-03-19T21:48:31.9839042Z [2mdist/[22m[2massets/[22m[36mPortalCountdown-BQEr1FjY.js  [39m[1m[2m  3.41 kB[22m[1m[22m[2m │ gzip:  1.39 kB[22m
2026-03-19T21:48:31.9840571Z [2mdist/[22m[2massets/[22m[36micon-vendor-D5Vg8Azs.js      [39m[1m[2m  6.77 kB[22m[1m[22m[2m │ gzip:  1.99 kB[22m
2026-03-19T21:48:31.9842308Z [2mdist/[22m[2massets/[22m[36mEventPage-B3HhMxpY.js        [39m[1m[2m  7.35 kB[22m[1m[22m[2m │ gzip:  2.26 kB[22m
2026-03-19T21:48:31.9843815Z [2mdist/[22m[2massets/[22m[36mrouter-vendor-CLFktLNe.js    [39m[1m[2m 49.20 kB[22m[1m[22m[2m │ gzip: 17.34 kB[22m
2026-03-19T21:48:31.9845415Z [2mdist/[22m[2massets/[22m[36mindex--KFL7TM_.js            [39m[1m[2m202.78 kB[22m[1m[22m[2m │ gzip: 64.97 kB[22m
2026-03-19T21:48:31.9847031Z [2mdist/[22m[2massets/[22m[36mmui-vendor-CJwhxKuR.js       [39m[1m[2m271.20 kB[22m[1m[22m[2m │ gzip: 82.41 kB[22m
2026-03-19T21:48:31.9847869Z [32m✓ built in 4.32s[39m
2026-03-19T21:48:32.1167187Z
2026-03-19T21:48:32.1167756Z > birthday-invite-site@1.0.0 pages:prepare
2026-03-19T21:48:32.1168139Z > node scripts/prepare-github-pages.mjs
2026-03-19T21:48:32.1168328Z
2026-03-19T21:48:32.1436308Z GitHub Pages assets prepared in dist/: 404.html and .nojekyll
2026-03-19T21:48:32.1616358Z ##[group]Run actions/upload-pages-artifact@v3
2026-03-19T21:48:32.1616639Z with:
2026-03-19T21:48:32.1616806Z   path: dist
2026-03-19T21:48:32.1616981Z   name: github-pages
2026-03-19T21:48:32.1617290Z   retention-days: 1
2026-03-19T21:48:32.1617476Z ##[endgroup]
2026-03-19T21:48:32.1689805Z ##[group]Run echo ::group::Archive artifact
2026-03-19T21:48:32.1690112Z [36;1mecho ::group::Archive artifact[0m
2026-03-19T21:48:32.1690349Z [36;1mtar \[0m
2026-03-19T21:48:32.1690563Z [36;1m  --dereference --hard-dereference \[0m
2026-03-19T21:48:32.1690844Z [36;1m  --directory "$INPUT_PATH" \[0m
2026-03-19T21:48:32.1691113Z [36;1m  -cvf "$RUNNER_TEMP/artifact.tar" \[0m
2026-03-19T21:48:32.1691374Z [36;1m  --exclude=.git \[0m
2026-03-19T21:48:32.1691598Z [36;1m  --exclude=.github \[0m
2026-03-19T21:48:32.1691996Z [36;1m  .[0m
2026-03-19T21:48:32.1692179Z [36;1mecho ::endgroup::[0m
2026-03-19T21:48:32.1715715Z shell: /usr/bin/sh -e {0}
2026-03-19T21:48:32.1715928Z env:
2026-03-19T21:48:32.1716143Z   INPUT_PATH: dist
2026-03-19T21:48:32.1716317Z ##[endgroup]
2026-03-19T21:48:32.1751260Z ##[group]Archive artifact
2026-03-19T21:48:32.1762973Z ./
2026-03-19T21:48:32.1763279Z ./assets/
2026-03-19T21:48:32.1763689Z ./assets/icon-vendor-D5Vg8Azs.js
2026-03-19T21:48:32.1764055Z ./assets/CountdownPage-C8jTTlYr.js
2026-03-19T21:48:32.1764351Z ./assets/EasterEggsPage-_JMTABR8.js
2026-03-19T21:48:32.1764691Z ./assets/PastEventsPage-CF_hMoUA.js
2026-03-19T21:48:32.1765763Z ./assets/EventPage-B3HhMxpY.js
2026-03-19T21:48:32.1766120Z ./assets/index--KFL7TM_.js
2026-03-19T21:48:32.1766481Z ./assets/HomePage-CZzlxStG.js
2026-03-19T21:48:32.1766756Z ./assets/mui-vendor-CJwhxKuR.js
2026-03-19T21:48:32.1767119Z ./assets/PortalCountdown-BQEr1FjY.js
2026-03-19T21:48:32.1767531Z ./assets/router-vendor-CLFktLNe.js
2026-03-19T21:48:32.1767762Z ./index.html
2026-03-19T21:48:32.1767925Z ./404.html
2026-03-19T21:48:32.1768080Z ./images/
2026-03-19T21:48:32.1768281Z ./images/princess-postcard.png
2026-03-19T21:48:32.1789388Z ./images/eggos.webp
2026-03-19T21:48:32.1789810Z ./images/README.md
2026-03-19T21:48:32.1790189Z ./images/lilo-postcard.png
2026-03-19T21:48:32.1806065Z ./images/demogorgon.mp4
2026-03-19T21:48:32.1835505Z ./images/stranger-background.png
2026-03-19T21:48:32.1846259Z ./images/moana-postcard.png
2026-03-19T21:48:32.1865496Z ./images/stranger-postcard.png
2026-03-19T21:48:32.1880307Z ./.nojekyll
2026-03-19T21:48:32.1880596Z ./robots.txt
2026-03-19T21:48:32.1883881Z ##[endgroup]
2026-03-19T21:48:32.1950340Z ##[group]Run actions/upload-artifact@v4
2026-03-19T21:48:32.1950578Z with:
2026-03-19T21:48:32.1950735Z   name: github-pages
2026-03-19T21:48:32.1950951Z   path: /home/runner/work/_temp/artifact.tar
2026-03-19T21:48:32.1951194Z   retention-days: 1
2026-03-19T21:48:32.1951382Z   if-no-files-found: error
2026-03-19T21:48:32.1951590Z   compression-level: 6
2026-03-19T21:48:32.1952073Z   overwrite: false
2026-03-19T21:48:32.1952255Z   include-hidden-files: false
2026-03-19T21:48:32.1952487Z ##[endgroup]
2026-03-19T21:48:32.3934170Z With the provided path, there will be 1 file uploaded
2026-03-19T21:48:32.3939619Z Artifact name is valid!
2026-03-19T21:48:32.3941879Z Root directory input is valid!
2026-03-19T21:48:32.6315494Z Beginning upload of artifact content to blob storage
2026-03-19T21:48:33.7480646Z Uploaded bytes 8388608
2026-03-19T21:48:34.0928267Z Uploaded bytes 16777216
2026-03-19T21:48:34.2968258Z Uploaded bytes 19299374
2026-03-19T21:48:34.3632663Z Finished uploading artifact content to blob storage!
2026-03-19T21:48:34.3635193Z SHA256 digest of uploaded artifact zip is e2d5661c18e8c2a87d64e41e653f2c86b37af118c1168c83b3a2a6af84c15b55
2026-03-19T21:48:34.3636588Z Finalizing artifact upload
2026-03-19T21:48:34.4992497Z Artifact github-pages.zip successfully finalized. Artifact ID 6015897461
2026-03-19T21:48:34.4993757Z Artifact github-pages has been successfully uploaded! Final size is 19299374 bytes. Artifact ID is 6015897461
2026-03-19T21:48:34.4999656Z Artifact download URL: https://github.com/jcmagsay/juniperpenelopebday/actions/runs/23318511323/artifacts/6015897461
2026-03-19T21:48:34.5156506Z Post job cleanup.
2026-03-19T21:48:34.6660831Z Cache hit occurred on the primary key node-cache-Linux-x64-npm-1e8ada560b7bf4a415ec0cd26f410a045a7928d0b406868d71a3df1aecc3545f, not saving cache.
2026-03-19T21:48:34.6744805Z Post job cleanup.
2026-03-19T21:48:34.7605236Z [command]/usr/bin/git version
2026-03-19T21:48:34.7639124Z git version 2.53.0
2026-03-19T21:48:34.7677240Z Temporarily overriding HOME='/home/runner/work/_temp/daaba3ea-6365-412d-976b-a68b8b8e24ab' before making global git config changes
2026-03-19T21:48:34.7677997Z Adding repository directory to the temporary git global config as a safe directory
2026-03-19T21:48:34.7682767Z [command]/usr/bin/git config --global --add safe.directory /home/runner/work/juniperpenelopebday/juniperpenelopebday
2026-03-19T21:48:34.7713976Z [command]/usr/bin/git config --local --name-only --get-regexp core\.sshCommand
2026-03-19T21:48:34.7740787Z [command]/usr/bin/git submodule foreach --recursive sh -c "git config --local --name-only --get-regexp 'core\.sshCommand' && git config --local --unset-all 'core.sshCommand' || :"
2026-03-19T21:48:34.7961350Z [command]/usr/bin/git config --local --name-only --get-regexp http\.https\:\/\/github\.com\/\.extraheader
2026-03-19T21:48:34.7979857Z http.https://github.com/.extraheader
2026-03-19T21:48:34.7991137Z [command]/usr/bin/git config --local --unset-all http.https://github.com/.extraheader
2026-03-19T21:48:34.8018910Z [command]/usr/bin/git submodule foreach --recursive sh -c "git config --local --name-only --get-regexp 'http\.https\:\/\/github\.com\/\.extraheader' && git config --local --unset-all 'http.https://github.com/.extraheader' || :"
2026-03-19T21:48:34.8246311Z [command]/usr/bin/git config --local --name-only --get-regexp ^includeIf\.gitdir:
2026-03-19T21:48:34.8277182Z [command]/usr/bin/git submodule foreach --recursive git config --local --show-origin --name-only --get-regexp remote.origin.url
2026-03-19T21:48:34.8608846Z Cleaning up orphan processes
2026-03-19T21:48:34.8817823Z ##[warning]Node.js 20 actions are deprecated. The following actions are running on Node.js 20 and may not work as expected: actions/checkout@v4, actions/setup-node@v4, actions/upload-artifact@v4. Actions will be forced to run with Node.js 24 by default starting June 2nd, 2026. Please check if updated versions of these actions are available that support Node.js 24. To opt into Node.js 24 now, set the FORCE_JAVASCRIPT_ACTIONS_TO_NODE24=true environment variable on the runner or in your workflow file. Once Node.js 24 becomes the default, you can temporarily opt out by setting ACTIONS_ALLOW_USE_UNSECURE_NODE_VERSION=true. For more information see: https://github.blog/changelog/2025-09-19-deprecation-of-node-20-on-github-actions-runners/
